// 重构日志: 13b515ff
// 重构日志: 34f5235d
// 重构日志: 2a13b2e4
// 重构日志: 06fbf066
// 重构日志: 7fb42a6f
// 重构日志: e6f09600
// 重构日志: 26be5b99
// 重构日志: 3be2be5e
// 重构日志: 949c47fb
// 重构日志: 0b8a03e3
// 重构日志: 6f900a21
// 重构日志: a7ca64db
// 同步 ID: 61df5b7b @ Sun Jul 12 07:53:48 UTC 2026
// 重构日志: d9b2c505
// 同步 ID: d5262f11 @ Thu Jul 16 20:44:12 UTC 2026
// 同步 ID: 9146da92 @ Fri Jul 17 06:49:06 UTC 2026
// 重构日志: 42754b32
// 同步 ID: 87d4594e @ Sat Jul 18 11:31:35 UTC 2026
// 同步 ID: b97df8fe @ Sun Jul 19 11:48:58 UTC 2026
// 同步 ID: a5c951d5 @ Sun Jul 19 16:31:41 UTC 2026
// 重构日志: 87f6f663
